2018-09-24 17:15:06,013 [Worker-0] INFO  c.g.t.t.d.PublishedGradleVersions - Gradle version information cache is up-to-date. Trying to read.
2018-09-24 17:27:24,208 [Worker-18] INFO  o.e.m.c.i.e.AbstractTransferListenerAdapter - Downloading https://repo.maven.apache.org/maven2/org/apache/maven/plugins/maven-war-plugin/2.6/maven-war-plugin-2.6.jar
2018-09-24 17:27:24,440 [Worker-18] INFO  o.e.m.c.i.e.AbstractTransferListenerAdapter - Downloaded https://repo.maven.apache.org/maven2/org/apache/maven/plugins/maven-war-plugin/2.6/maven-war-plugin-2.6.jar
2018-09-24 17:27:34,576 [Worker-18] INFO  o.e.m.c.i.l.LifecycleMappingFactory - Using org.maven.ide.eclipse.wtp.WarLifecycleMapping lifecycle mapping for MavenProject: com.auctionads:auction-ads:0.0.1-SNAPSHOT @ F:\poc-microservices\auctionAds\pom.xml.
2018-09-24 17:27:52,470 [Worker-18] INFO  o.e.m.c.i.e.AbstractTransferListenerAdapter - Downloading https://repo.maven.apache.org/maven2/org/apache/maven/plugins/maven-war-plugin/2.6/maven-war-plugin-2.6.pom
2018-09-24 17:27:52,645 [Worker-18] INFO  o.e.m.c.i.e.AbstractTransferListenerAdapter - Downloaded https://repo.maven.apache.org/maven2/org/apache/maven/plugins/maven-war-plugin/2.6/maven-war-plugin-2.6.pom
2018-09-24 17:27:55,879 [Worker-18] INFO  o.e.m.c.i.e.AbstractTransferListenerAdapter - Downloading https://repo.maven.apache.org/maven2/org/codehaus/plexus/plexus-io/2.4.1/plexus-io-2.4.1.pom
2018-09-24 17:27:55,911 [Worker-18] INFO  o.e.m.c.i.e.AbstractTransferListenerAdapter - Downloaded https://repo.maven.apache.org/maven2/org/codehaus/plexus/plexus-io/2.4.1/plexus-io-2.4.1.pom
2018-09-24 17:27:56,975 [Worker-18] INFO  o.e.m.c.i.e.AbstractTransferListenerAdapter - Downloading https://repo.maven.apache.org/maven2/org/apache/maven/shared/maven-filtering/1.3/maven-filtering-1.3.pom
2018-09-24 17:27:57,012 [Worker-18] INFO  o.e.m.c.i.e.AbstractTransferListenerAdapter - Downloaded https://repo.maven.apache.org/maven2/org/apache/maven/shared/maven-filtering/1.3/maven-filtering-1.3.pom
2018-09-24 17:27:57,053 [Worker-18] INFO  o.e.m.c.i.e.AbstractTransferListenerAdapter - Downloading https://repo.maven.apache.org/maven2/org/apache/maven/shared/maven-shared-utils/0.6/maven-shared-utils-0.6.pom
2018-09-24 17:27:57,102 [Worker-18] INFO  o.e.m.c.i.e.AbstractTransferListenerAdapter - Downloaded https://repo.maven.apache.org/maven2/org/apache/maven/shared/maven-shared-utils/0.6/maven-shared-utils-0.6.pom
2018-09-24 17:27:57,166 [Worker-18] INFO  o.e.m.c.i.e.AbstractTransferListenerAdapter - Downloading https://repo.maven.apache.org/maven2/org/codehaus/plexus/plexus-utils/3.0.18/plexus-utils-3.0.18.pom
2018-09-24 17:27:57,211 [Worker-18] INFO  o.e.m.c.i.e.AbstractTransferListenerAdapter - Downloaded https://repo.maven.apache.org/maven2/org/codehaus/plexus/plexus-utils/3.0.18/plexus-utils-3.0.18.pom
2018-09-24 17:27:57,839 [Worker-18] INFO  o.e.m.c.i.e.AbstractTransferListenerAdapter - Downloading https://repo.maven.apache.org/maven2/org/apache/maven/shared/maven-mapping/1.0/maven-mapping-1.0.pom
2018-09-24 17:27:57,917 [Worker-18] INFO  o.e.m.c.i.e.AbstractTransferListenerAdapter - Downloaded https://repo.maven.apache.org/maven2/org/apache/maven/shared/maven-mapping/1.0/maven-mapping-1.0.pom
2018-09-24 17:27:58,939 [Worker-18] INFO  o.e.m.c.i.e.AbstractTransferListenerAdapter - Downloading https://repo.maven.apache.org/maven2/org/codehaus/plexus/plexus-io/2.4.1/plexus-io-2.4.1.jar
2018-09-24 17:27:59,051 [Worker-18] INFO  o.e.m.c.i.e.AbstractTransferListenerAdapter - Downloaded https://repo.maven.apache.org/maven2/org/codehaus/plexus/plexus-io/2.4.1/plexus-io-2.4.1.jar
2018-09-24 17:27:59,093 [Worker-18] INFO  o.e.m.c.i.e.AbstractTransferListenerAdapter - Downloading https://repo.maven.apache.org/maven2/org/apache/maven/shared/maven-filtering/1.3/maven-filtering-1.3.jar
2018-09-24 17:27:59,312 [Worker-18] INFO  o.e.m.c.i.e.AbstractTransferListenerAdapter - Downloaded https://repo.maven.apache.org/maven2/org/apache/maven/shared/maven-filtering/1.3/maven-filtering-1.3.jar
2018-09-24 17:27:59,349 [Worker-18] INFO  o.e.m.c.i.e.AbstractTransferListenerAdapter - Downloading https://repo.maven.apache.org/maven2/org/apache/maven/shared/maven-mapping/1.0/maven-mapping-1.0.jar
2018-09-24 17:27:59,379 [Worker-18] INFO  o.e.m.c.i.e.AbstractTransferListenerAdapter - Downloaded https://repo.maven.apache.org/maven2/org/apache/maven/shared/maven-mapping/1.0/maven-mapping-1.0.jar
2018-09-24 17:28:09,111 [Worker-18] INFO  o.e.m.j.i.AbstractJavaProjectConfigurator - Adding source folder /auctionAds/src/main/java
2018-09-24 17:28:09,112 [Worker-18] INFO  o.e.m.j.i.AbstractJavaProjectConfigurator - Adding resource folder /auctionAds/src/main/resources
2018-09-24 17:28:09,124 [Worker-18] INFO  o.e.m.j.i.AbstractJavaProjectConfigurator - Adding source folder /auctionAds/src/test/java
2018-09-24 17:28:09,124 [Worker-18] INFO  o.e.m.j.i.AbstractJavaProjectConfigurator - Adding resource folder /auctionAds/src/test/resources
2018-09-24 17:28:09,129 [Worker-18] INFO  o.e.m.j.i.AbstractJavaProjectConfigurator - Adding resource folder /auctionAds/src/test/features
2018-09-24 17:28:26,831 [Worker-18] INFO  o.e.m.c.i.e.AbstractTransferListenerAdapter - Downloading https://repo.maven.apache.org/maven2/com/spotify/dockerfile-maven-plugin/1.3.4/dockerfile-maven-plugin-1.3.4.pom
2018-09-24 17:28:26,866 [Worker-18] INFO  o.e.m.c.i.e.AbstractTransferListenerAdapter - Downloaded https://repo.maven.apache.org/maven2/com/spotify/dockerfile-maven-plugin/1.3.4/dockerfile-maven-plugin-1.3.4.pom
2018-09-24 17:28:26,959 [Worker-18] INFO  o.e.m.c.i.e.AbstractTransferListenerAdapter - Downloading https://repo.maven.apache.org/maven2/com/spotify/dockerfile-maven/1.3.4/dockerfile-maven-1.3.4.pom
2018-09-24 17:28:26,992 [Worker-18] INFO  o.e.m.c.i.e.AbstractTransferListenerAdapter - Downloaded https://repo.maven.apache.org/maven2/com/spotify/dockerfile-maven/1.3.4/dockerfile-maven-1.3.4.pom
2018-09-24 17:28:27,053 [Worker-18] INFO  o.e.m.c.i.e.AbstractTransferListenerAdapter - Downloading https://repo.maven.apache.org/maven2/com/spotify/foss-root/6/foss-root-6.pom
2018-09-24 17:28:27,237 [Worker-18] INFO  o.e.m.c.i.e.AbstractTransferListenerAdapter - Downloaded https://repo.maven.apache.org/maven2/com/spotify/foss-root/6/foss-root-6.pom
2018-09-24 17:28:27,276 [Worker-18] INFO  o.e.m.c.i.e.AbstractTransferListenerAdapter - Downloading https://repo.maven.apache.org/maven2/com/spotify/dockerfile-maven-plugin/1.3.4/dockerfile-maven-plugin-1.3.4.jar
2018-09-24 17:28:27,352 [Worker-18] INFO  o.e.m.c.i.e.AbstractTransferListenerAdapter - Downloaded https://repo.maven.apache.org/maven2/com/spotify/dockerfile-maven-plugin/1.3.4/dockerfile-maven-plugin-1.3.4.jar
2018-09-24 17:28:41,294 [Worker-18] INFO  o.e.m.c.i.p.ProjectConfigurationManager - Imported and configured 1 project(s) in 110 sec
2018-09-24 17:28:46,243 [Worker-21] INFO  o.e.m.i.discovery.MavenDiscovery - No lifecyle mapping found at jar:file:/C:/Users/Manuel/AppData/Local/Temp/RemoteBundleDiscoveryStrategy7511861444833175371.tmp/org.eclipse.m2e.discovery.oss_catalog_1.6.jar_5634617197770461355.jar!/lifecycle%2Forg.eclipse.m2e.discovery.lifecyclemapping.m2e-egit.xml
2018-09-24 17:28:46,244 [Worker-21] WARN  o.e.m.i.discovery.MavenDiscovery - CatalogItem org.eclipse.m2e.discovery.lifecyclemapping.m2e-egit does not contain lifecycle mapping metadata
2018-09-24 17:28:46,247 [Worker-21] INFO  o.e.m.i.discovery.MavenDiscovery - No lifecyle mapping found at jar:file:/C:/Users/Manuel/AppData/Local/Temp/RemoteBundleDiscoveryStrategy7511861444833175371.tmp/org.eclipse.m2e.discovery.oss_catalog_1.6.jar_5634617197770461355.jar!/lifecycle%2Forg.eclipse.m2e.discovery.lifecyclemapping.m2e-subversive.xml
2018-09-24 17:28:46,248 [Worker-21] WARN  o.e.m.i.discovery.MavenDiscovery - CatalogItem org.eclipse.m2e.discovery.lifecyclemapping.m2e-subversive does not contain lifecycle mapping metadata
2018-09-24 17:29:36,005 [Worker-19] INFO  o.e.m.c.i.embedder.EclipseLogger - Using 'UTF-8' encoding to copy filtered resources.
2018-09-24 17:29:36,017 [Worker-19] INFO  o.e.m.c.i.embedder.EclipseLogger - Copying 5 resources
2018-09-24 17:29:36,283 [Worker-19] INFO  o.e.m.c.i.embedder.EclipseLogger - Copying 22 resources
2018-09-24 17:29:36,503 [Worker-19] INFO  o.e.m.c.i.embedder.EclipseLogger - Using 'UTF-8' encoding to copy filtered resources.
2018-09-24 17:29:36,504 [Worker-19] INFO  o.e.m.c.i.embedder.EclipseLogger - Copying 5 resources
2018-09-24 17:29:36,533 [Worker-19] INFO  o.e.m.c.i.embedder.EclipseLogger - Copying 22 resources
2018-09-24 17:29:36,541 [Worker-19] INFO  o.e.m.c.i.embedder.EclipseLogger - Using 'UTF-8' encoding to copy filtered resources.
2018-09-24 17:29:36,541 [Worker-19] INFO  o.e.m.c.i.embedder.EclipseLogger - Copying 3 resources
2018-09-24 17:29:36,547 [Worker-19] INFO  o.e.m.c.i.embedder.EclipseLogger - Using 'UTF-8' encoding to copy filtered resources.
2018-09-24 17:29:36,548 [Worker-19] INFO  o.e.m.c.i.embedder.EclipseLogger - Copying 5 resources
2018-09-24 17:29:36,593 [Worker-19] INFO  o.e.m.c.i.embedder.EclipseLogger - Copying 2 resources
2018-09-24 17:29:36,654 [Worker-19] INFO  o.e.m.w.i.f.ResourceFilteringBuildParticipant - Executing resource filtering for auctionAds
2018-09-24 17:29:36,664 [Worker-19] INFO  o.e.m.c.i.embedder.EclipseLogger - Using 'UTF-8' encoding to copy filtered resources.
2018-09-24 17:29:36,668 [Worker-19] INFO  o.e.m.c.i.embedder.EclipseLogger - Copying 0 resource
2018-09-24 17:38:16,138 [Worker-23] INFO  o.e.m.c.i.p.ProjectConfigurationManager - Update started
2018-09-24 17:38:31,245 [Worker-23] INFO  o.e.m.c.i.l.LifecycleMappingFactory - Using org.maven.ide.eclipse.wtp.WarLifecycleMapping lifecycle mapping for MavenProject: com.auctionads:auction-ads:0.0.1-SNAPSHOT @ F:\poc-microservices\auctionAds\pom.xml.
2018-09-24 17:39:07,112 [Worker-23] INFO  o.e.m.j.i.AbstractJavaProjectConfigurator - Adding source folder /auctionAds/src/main/java
2018-09-24 17:39:07,113 [Worker-23] INFO  o.e.m.j.i.AbstractJavaProjectConfigurator - Adding resource folder /auctionAds/src/main/resources
2018-09-24 17:39:07,116 [Worker-23] INFO  o.e.m.j.i.AbstractJavaProjectConfigurator - Adding source folder /auctionAds/src/test/java
2018-09-24 17:39:07,116 [Worker-23] INFO  o.e.m.j.i.AbstractJavaProjectConfigurator - Adding resource folder /auctionAds/src/test/resources
2018-09-24 17:39:07,117 [Worker-23] INFO  o.e.m.j.i.AbstractJavaProjectConfigurator - Adding resource folder /auctionAds/src/test/features
2018-09-24 17:39:16,323 [Worker-23] INFO  o.e.m.w.i.f.ResourceFilteringBuildParticipant - Cleaning filtered folder for auctionAds
2018-09-24 17:39:17,260 [Worker-23] INFO  o.e.m.c.i.p.ProjectConfigurationManager - Update completed: 61 sec
2018-09-24 17:39:32,367 [Worker-30] INFO  o.e.m.c.i.embedder.EclipseLogger - Using 'UTF-8' encoding to copy filtered resources.
2018-09-24 17:39:32,371 [Worker-30] INFO  o.e.m.c.i.embedder.EclipseLogger - Copying 5 resources
2018-09-24 17:39:32,494 [Worker-30] INFO  o.e.m.c.i.embedder.EclipseLogger - Copying 22 resources
2018-09-24 17:39:32,546 [Worker-30] INFO  o.e.m.c.i.embedder.EclipseLogger - Using 'UTF-8' encoding to copy filtered resources.
2018-09-24 17:39:32,547 [Worker-30] INFO  o.e.m.c.i.embedder.EclipseLogger - Copying 5 resources
2018-09-24 17:39:32,573 [Worker-30] INFO  o.e.m.c.i.embedder.EclipseLogger - Copying 22 resources
2018-09-24 17:39:32,581 [Worker-30] INFO  o.e.m.c.i.embedder.EclipseLogger - Using 'UTF-8' encoding to copy filtered resources.
2018-09-24 17:39:32,581 [Worker-30] INFO  o.e.m.c.i.embedder.EclipseLogger - Copying 3 resources
2018-09-24 17:39:32,586 [Worker-30] INFO  o.e.m.c.i.embedder.EclipseLogger - Using 'UTF-8' encoding to copy filtered resources.
2018-09-24 17:39:32,587 [Worker-30] INFO  o.e.m.c.i.embedder.EclipseLogger - Copying 5 resources
2018-09-24 17:39:32,626 [Worker-30] INFO  o.e.m.c.i.embedder.EclipseLogger - Copying 2 resources
2018-09-24 17:39:32,630 [Worker-30] INFO  o.e.m.w.i.f.ResourceFilteringBuildParticipant - Changed resources require a complete clean of filtered resources of auctionAds
2018-09-24 17:39:32,656 [Worker-30] INFO  o.e.m.w.i.f.ResourceFilteringBuildParticipant - Executing resource filtering for auctionAds
2018-09-24 17:39:32,664 [Worker-30] INFO  o.e.m.c.i.embedder.EclipseLogger - Using 'UTF-8' encoding to copy filtered resources.
2018-09-24 17:39:32,666 [Worker-30] INFO  o.e.m.c.i.embedder.EclipseLogger - Copying 0 resource
2018-09-24 17:41:23,287 [Worker-27] INFO  o.e.m.c.i.embedder.EclipseLogger - Using 'UTF-8' encoding to copy filtered resources.
2018-09-24 17:41:23,329 [Worker-27] INFO  o.e.m.c.i.embedder.EclipseLogger - Copying 5 resources
2018-09-24 17:41:23,391 [Worker-27] INFO  o.e.m.c.i.embedder.EclipseLogger - Copying 22 resources
2018-09-24 17:41:23,403 [Worker-27] INFO  o.e.m.c.i.embedder.EclipseLogger - Using 'UTF-8' encoding to copy filtered resources.
2018-09-24 17:41:23,405 [Worker-27] INFO  o.e.m.c.i.embedder.EclipseLogger - Copying 5 resources
2018-09-24 17:41:23,418 [Worker-27] INFO  o.e.m.c.i.embedder.EclipseLogger - Copying 22 resources
2018-09-24 17:41:23,424 [Worker-27] INFO  o.e.m.c.i.embedder.EclipseLogger - Using 'UTF-8' encoding to copy filtered resources.
2018-09-24 17:41:23,426 [Worker-27] INFO  o.e.m.c.i.embedder.EclipseLogger - Copying 3 resources
2018-09-24 17:41:23,430 [Worker-27] INFO  o.e.m.c.i.embedder.EclipseLogger - Using 'UTF-8' encoding to copy filtered resources.
2018-09-24 17:41:23,431 [Worker-27] INFO  o.e.m.c.i.embedder.EclipseLogger - Copying 5 resources
2018-09-24 17:41:23,434 [Worker-27] INFO  o.e.m.c.i.embedder.EclipseLogger - Copying 2 resources
2018-09-24 17:53:06,367 [Worker-25] INFO  o.e.m.c.i.e.AbstractTransferListenerAdapter - Downloading https://repo.maven.apache.org/maven2/org/springframework/data/spring-data-commons/1.13.12.RELEASE/spring-data-commons-1.13.12.RELEASE-sources.jar
2018-09-24 17:53:06,924 [Worker-25] INFO  o.e.m.c.i.e.AbstractTransferListenerAdapter - Downloaded https://repo.maven.apache.org/maven2/org/springframework/data/spring-data-commons/1.13.12.RELEASE/spring-data-commons-1.13.12.RELEASE-sources.jar
2018-09-24 17:53:07,614 [Worker-25] INFO  o.e.m.j.internal.DownloadSourcesJob - Downloaded sources for org.springframework.data:spring-data-commons:1.13.12.RELEASE
2018-09-24 17:53:10,783 [Worker-35] INFO  o.e.m.c.i.embedder.EclipseLogger - Using 'UTF-8' encoding to copy filtered resources.
2018-09-24 17:53:10,805 [Worker-35] INFO  o.e.m.c.i.embedder.EclipseLogger - Copying 0 resource
2018-09-24 17:53:10,806 [Worker-35] INFO  o.e.m.c.i.embedder.EclipseLogger - Copying 0 resource
2018-09-24 17:53:10,818 [Worker-35] INFO  o.e.m.c.i.embedder.EclipseLogger - Using 'UTF-8' encoding to copy filtered resources.
2018-09-24 17:53:10,819 [Worker-35] INFO  o.e.m.c.i.embedder.EclipseLogger - Copying 0 resource
2018-09-24 17:53:10,820 [Worker-35] INFO  o.e.m.c.i.embedder.EclipseLogger - Copying 0 resource
2018-09-24 17:53:10,826 [Worker-35] INFO  o.e.m.c.i.embedder.EclipseLogger - Using 'UTF-8' encoding to copy filtered resources.
2018-09-24 17:53:11,004 [Worker-35] INFO  o.e.m.c.i.embedder.EclipseLogger - Copying 0 resource
2018-09-24 17:53:11,010 [Worker-35] INFO  o.e.m.c.i.embedder.EclipseLogger - Using 'UTF-8' encoding to copy filtered resources.
2018-09-24 17:53:11,086 [Worker-35] INFO  o.e.m.c.i.embedder.EclipseLogger - Copying 0 resource
2018-09-24 17:53:11,086 [Worker-35] INFO  o.e.m.c.i.embedder.EclipseLogger - Copying 0 resource
2018-09-24 17:56:28,520 [Worker-35] INFO  o.e.m.c.i.e.AbstractTransferListenerAdapter - Downloading https://repo.maven.apache.org/maven2/io/github/jhipster/jhipster/1.3.0/jhipster-1.3.0-sources.jar
2018-09-24 17:56:28,632 [Worker-35] INFO  o.e.m.c.i.e.AbstractTransferListenerAdapter - Downloaded https://repo.maven.apache.org/maven2/io/github/jhipster/jhipster/1.3.0/jhipster-1.3.0-sources.jar
2018-09-24 17:56:29,136 [Worker-35] INFO  o.e.m.j.internal.DownloadSourcesJob - Downloaded sources for io.github.jhipster:jhipster:1.3.0
2018-09-24 17:56:32,445 [Worker-27] INFO  o.e.m.c.i.embedder.EclipseLogger - Using 'UTF-8' encoding to copy filtered resources.
2018-09-24 17:56:32,445 [Worker-27] INFO  o.e.m.c.i.embedder.EclipseLogger - Copying 0 resource
2018-09-24 17:56:32,446 [Worker-27] INFO  o.e.m.c.i.embedder.EclipseLogger - Copying 0 resource
2018-09-24 17:56:32,453 [Worker-27] INFO  o.e.m.c.i.embedder.EclipseLogger - Using 'UTF-8' encoding to copy filtered resources.
2018-09-24 17:56:32,453 [Worker-27] INFO  o.e.m.c.i.embedder.EclipseLogger - Copying 0 resource
2018-09-24 17:56:32,453 [Worker-27] INFO  o.e.m.c.i.embedder.EclipseLogger - Copying 0 resource
2018-09-24 17:56:32,458 [Worker-27] INFO  o.e.m.c.i.embedder.EclipseLogger - Using 'UTF-8' encoding to copy filtered resources.
2018-09-24 17:56:32,459 [Worker-27] INFO  o.e.m.c.i.embedder.EclipseLogger - Copying 0 resource
2018-09-24 17:56:32,463 [Worker-27] INFO  o.e.m.c.i.embedder.EclipseLogger - Using 'UTF-8' encoding to copy filtered resources.
2018-09-24 17:56:32,464 [Worker-27] INFO  o.e.m.c.i.embedder.EclipseLogger - Copying 0 resource
2018-09-24 17:56:32,464 [Worker-27] INFO  o.e.m.c.i.embedder.EclipseLogger - Copying 0 resource
